Log file open, 01/09/19 14:18:21
LogWindows: Failed to load 'aqProf.dll' (GetLastError=126)
LogWindows: File 'aqProf.dll' does not exist
LogWindows: Failed to load 'VSPerf140.dll' (GetLastError=126)
LogWindows: File 'VSPerf140.dll' does not exist
LogWindows: Failed to load 'VtuneApi.dll' (GetLastError=126)
LogWindows: File 'VtuneApi.dll' does not exist
LogWindows: Failed to load 'VtuneApi32e.dll' (GetLastError=126)
LogWindows: File 'VtuneApi32e.dll' does not exist
LogInit: Display: Running engine for game: CB_AssetPipeline
LogPlatformFile: Not using cached read wrapper
LogTaskGraph: Started task graph with 5 named threads and 23 total threads with 3 sets of task threads.
LogStats: Stats thread started at 0.544417
LogD3D11RHI: Loaded GFSDK_Aftermath_Lib.x64.dll
LogICUInternationalization: Display: ICU TimeZone Detection - Raw Offset: -7:00, Platform Override: ''
LogPluginManager: Mounting plugin Paper2D
LogPluginManager: Mounting plugin AISupport
LogPluginManager: Mounting plugin LightPropagationVolume
LogPluginManager: Mounting plugin CLionSourceCodeAccess
LogPluginManager: Mounting plugin CodeLiteSourceCodeAccess
LogPluginManager: Mounting plugin GitSourceControl
LogPluginManager: Mounting plugin KDevelopSourceCodeAccess
LogPluginManager: Mounting plugin NullSourceCodeAccess
LogPluginManager: Mounting plugin PerforceSourceControl
LogPluginManager: Mounting plugin SubversionSourceControl
LogPluginManager: Mounting plugin UObjectPlugin
LogPluginManager: Mounting plugin VisualStudioCodeSourceCodeAccess
LogPluginManager: Mounting plugin VisualStudioSourceCodeAccess
LogPluginManager: Mounting plugin XCodeSourceCodeAccess
LogPluginManager: Mounting plugin AssetManagerEditor
LogPluginManager: Mounting plugin CryptoKeys
LogPluginManager: Mounting plugin DataValidation
LogPluginManager: Mounting plugin FacialAnimation
LogPluginManager: Mounting plugin GameplayTagsEditor
LogPluginManager: Mounting plugin MacGraphicsSwitching
LogPluginManager: Mounting plugin MeshEditor
LogPluginManager: Mounting plugin MobileLauncherProfileWizard
LogPluginManager: Mounting plugin PluginBrowser
LogPluginManager: Mounting plugin SpeedTreeImporter
LogPluginManager: Mounting plugin DatasmithContent
LogPluginManager: Mounting plugin AlembicImporter
LogPluginManager: Mounting plugin AppleImageUtils
LogPluginManager: Mounting plugin AppleVision
LogPluginManager: Mounting plugin BackChannel
LogPluginManager: Mounting plugin CharacterAI
LogPluginManager: Mounting plugin GeometryCache
LogPluginManager: Mounting plugin HTML5Networking
LogPluginManager: Mounting plugin ProxyLODPlugin
LogPluginManager: Mounting plugin MagicLeap
LogPluginManager: Mounting plugin MagicLeapEmulator
LogPluginManager: Mounting plugin MagicLeapMedia
LogPluginManager: Mounting plugin AndroidMedia
LogPluginManager: Mounting plugin AvfMedia
LogPluginManager: Mounting plugin ImgMedia
LogPluginManager: Mounting plugin LinearTimecode
LogPluginManager: Mounting plugin MediaCompositing
LogPluginManager: Mounting plugin MediaPlayerEditor
LogPluginManager: Mounting plugin WmfMedia
LogPluginManager: Mounting plugin TcpMessaging
LogPluginManager: Mounting plugin UdpMessaging
LogPluginManager: Mounting plugin ActorSequence
LogPluginManager: Mounting plugin LevelSequenceEditor
LogPluginManager: Mounting plugin MatineeToLevelSequence
LogPluginManager: Mounting plugin NetcodeUnitTest
LogPluginManager: Mounting plugin NUTUnrealEngine4
LogPluginManager: Mounting plugin OnlineSubsystemGooglePlay
LogPluginManager: Mounting plugin OnlineSubsystemIOS
LogPluginManager: Mounting plugin OnlineSubsystem
LogPluginManager: Mounting plugin OnlineSubsystemNull
LogPluginManager: Mounting plugin OnlineSubsystemUtils
LogPluginManager: Mounting plugin LauncherChunkInstaller
LogPluginManager: Mounting plugin AndroidDeviceProfileSelector
LogPluginManager: Mounting plugin AndroidMoviePlayer
LogPluginManager: Mounting plugin AndroidPermission
LogPluginManager: Mounting plugin AppleMoviePlayer
LogPluginManager: Mounting plugin ArchVisCharacter
LogPluginManager: Mounting plugin AudioCapture
LogPluginManager: Mounting plugin CableComponent
LogPluginManager: Mounting plugin CustomMeshComponent
LogPluginManager: Mounting plugin EditableMesh
LogPluginManager: Mounting plugin ExampleDeviceProfileSelector
LogPluginManager: Mounting plugin GoogleCloudMessaging
LogPluginManager: Mounting plugin HoudiniEngine
LogPluginManager: Mounting plugin ImmediatePhysics
LogPluginManager: Mounting plugin IOSDeviceProfileSelector
LogPluginManager: Mounting plugin LinuxDeviceProfileSelector
LogPluginManager: Mounting plugin LocationServicesBPLibrary
LogPluginManager: Mounting plugin MobilePatchingUtils
LogPluginManager: Mounting plugin OculusVR
LogPluginManager: Plugin shader directory ../../../Engine/Plugins/Runtime/Oculus/OculusVR/Shaders found
LogPluginManager: Mapping shader source directory ../../../Engine/Plugins/Runtime/Oculus/OculusVR/Shaders to virtual directory /Plugin/OculusVR
LogPluginManager: Mounting plugin PhysXVehicles
LogPluginManager: Mounting plugin ProceduralMeshComponent
LogPluginManager: Mounting plugin RuntimePhysXCooking
LogPluginManager: Mounting plugin SteamVR
LogPluginManager: Mounting plugin WindowsMoviePlayer
LogStreaming: Display: Took  0.426s to configure plugins.
LogInit: Using libcurl 7.55.1-DEV
LogInit:  - built for x86_64-pc-win32
LogInit:  - supports SSL with OpenSSL/1.0.2h
LogInit:  - supports HTTP deflate (compression) using libz 1.2.8
LogInit:  - other features:
LogInit:      CURL_VERSION_SSL
LogInit:      CURL_VERSION_LIBZ
LogInit:      CURL_VERSION_IPV6
LogInit:      CURL_VERSION_ASYNCHDNS
LogInit:      CURL_VERSION_LARGEFILE
LogInit:      CURL_VERSION_IDN
LogInit:  CurlRequestOptions (configurable via config and command line):
LogInit:  - bVerifyPeer = false  - Libcurl will NOT verify peer certificate
LogInit:  - bUseHttpProxy = false  - Libcurl will NOT use HTTP proxy
LogInit:  - bDontReuseConnections = false  - Libcurl will reuse connections
LogInit:  - CertBundlePath = nullptr  - Libcurl will use whatever was configured at build time.
LogInit:  - MaxHostConnections = 16  - Libcurl will limit the number of connections to a host
LogInit:  - LocalHostAddr = Default
LogInit:  - BufferSize = 65536
LogInit: WinSock: version 1.1 (2.2), MaxSocks=32767, MaxUdp=65467
LogInit: Build: ++UE4+Release-4.20-CL-4233996
LogInit: Engine Version: 4.20.1-4233996+++UE4+Release-4.20
LogInit: Compatible Engine Version: 4.20.0-4212847+++UE4+Release-4.20
LogInit: Net CL: 4212847
LogInit: OS: Windows 10 (), CPU: Intel(R) Core(TM) i7-8650U CPU @ 1.90GHz, GPU: Intel(R) UHD Graphics 620
LogInit: Compiled (64-bit): Jul 26 2018 10:07:30
LogInit: Compiled with Visual C++: 19.13.26129.00
LogInit: Build Configuration: Development
LogInit: Branch Name: ++UE4+Release-4.20
LogInit: Command Line: -EpicPortal  -epicusername="Woeset" -epicuserid=c72e7818748446c98f77da71d5055798 -epiclocale=en-US
LogInit: Base Directory: C:/Program Files/Epic Games/UE_4.20/Engine/Binaries/Win64/
LogInit: Installed Engine Build: 1
LogDevObjectVersion: Number of dev versions registered: 20
LogDevObjectVersion:   Dev-Blueprints (B0D832E4-1F89-4F0D-ACCF-7EB736FD4AA2): 10
LogDevObjectVersion:   Dev-Build (E1C64328-A22C-4D53-A36C-8E866417BD8C): 0
LogDevObjectVersion:   Dev-Core (375EC13C-06E4-48FB-B500-84F0262A717E): 2
LogDevObjectVersion:   Dev-Editor (E4B068ED-F494-42E9-A231-DA0B2E46BB41): 24
LogDevObjectVersion:   Dev-Framework (CFFC743F-43B0-4480-9391-14DF171D2073): 34
LogDevObjectVersion:   Dev-Mobile (B02B49B5-BB20-44E9-A304-32B752E40360): 2
LogDevObjectVersion:   Dev-Networking (A4E4105C-59A1-49B5-A7C5-40C4547EDFEE): 0
LogDevObjectVersion:   Dev-Online (39C831C9-5AE6-47DC-9A44-9C173E1C8E7C): 0
LogDevObjectVersion:   Dev-Physics (78F01B33-EBEA-4F98-B9B4-84EACCB95AA2): 0
LogDevObjectVersion:   Dev-Platform (6631380F-2D4D-43E0-8009-CF276956A95A): 0
LogDevObjectVersion:   Dev-Rendering (12F88B9F-8875-4AFC-A67C-D90C383ABD29): 26
LogDevObjectVersion:   Dev-Sequencer (7B5AE74C-D270-4C10-A958-57980B212A5A): 9
LogDevObjectVersion:   Dev-VR (D7296918-1DD6-4BDD-9DE2-64A83CC13884): 2
LogDevObjectVersion:   Dev-LoadTimes (C2A15278-BFE7-4AFE-6C17-90FF531DF755): 1
LogDevObjectVersion:   Private-Geometry (6EACA3D4-40EC-4CC1-B786-8BED09428FC5): 3
LogDevObjectVersion:   Dev-AnimPhys (29E575DD-E0A3-4627-9D10-D276232CDCEA): 17
LogDevObjectVersion:   Dev-ReflectionCapture (6B266CEC-1EC7-4B8F-A30B-E4D90942FC07): 1
LogDevObjectVersion:   Dev-Automation (0DF73D61-A23F-47EA-B727-89E90C41499A): 1
LogDevObjectVersion:   FortniteMain (601D1886-AC64-4F84-AA16-D3DE0DEAC7D6): 12
LogDevObjectVersion:   Dev-Enterprise (9DFFBCD6-494F-0158-E221-12823C92A888): 1
LogStreaming: Display: Took  0.002s to delete old logs.
LogInit: Presizing for max 8388607 objects, including 0 objects not considered by GC, pre-allocating 0 bytes for permanent pool.
LogInit: Object subsystem initialized
[2019.01.09-21.18.23:020][  0]LogInit: Selected Device Profile: [Windows]
[2019.01.09-21.18.23:020][  0]LogInit: Applying CVar settings loaded from the selected device profile: [Windows]
[2019.01.09-21.18.23:087][  0]LogHAL: Display: Platform has ~ 16 GB [17101164544 / 17179869184 / 16], which maps to Larger [LargestMinGB=32, LargerMinGB=12, DefaultMinGB=8, SmallerMinGB=6, SmallestMinGB=0)
[2019.01.09-21.18.23:087][  0]LogInit: Setting Device Profile CVar: [[r.Vulkan.UseRealUBs:1]]
[2019.01.09-21.18.23:088][  0]LogInit: Going up to parent DeviceProfile []
[2019.01.09-21.18.23:090][  0]LogInit: Computer: DESKTOP-B8CF7E6
[2019.01.09-21.18.23:090][  0]LogInit: User: longf
[2019.01.09-21.18.23:090][  0]LogInit: CPU Page size=4096, Cores=4
[2019.01.09-21.18.23:090][  0]LogInit: High frequency timer resolution =2.062500 MHz
[2019.01.09-21.18.23:091][  0]LogMemory: Memory total: Physical=15.9GB (16GB approx)
[2019.01.09-21.18.23:092][  0]LogMemory: Platform Memory Stats for Windows
[2019.01.09-21.18.23:092][  0]LogMemory: Process Physical Memory: 100.32 MB used, 100.32 MB peak
[2019.01.09-21.18.23:092][  0]LogMemory: Process Virtual Memory: 89.38 MB used, 89.38 MB peak
[2019.01.09-21.18.23:092][  0]LogMemory: Physical Memory: 7567.63 MB used,  8741.31 MB free, 16308.94 MB total
[2019.01.09-21.18.23:092][  0]LogMemory: Virtual Memory: 4643.80 MB used,  8741.31 MB free, 134217728.00 MB total
[2019.01.09-21.18.23:175][  0]LogInit: Using OS detected language (en-US).
[2019.01.09-21.18.23:176][  0]LogInit: Using OS detected locale (en-US).
[2019.01.09-21.18.23:179][  0]LogTextLocalizationManager: No specific localization for 'en-US' exists, so the 'en' localization will be used.
[2019.01.09-21.18.24:228][  0]LogStreaming: Display: Took  1.052s to InitEngineTextLocalization.
[2019.01.09-21.18.24:228][  0]LogInit: Setting process to per monitor DPI aware
[2019.01.09-21.18.24:336][  0]LogSlate: New Slate User Created.  User Index 0, Is Virtual User: 0
[2019.01.09-21.18.24:337][  0]LogSlate: Slate User Registered.  User Index 0, Is Virtual User: 0
[2019.01.09-21.18.24:878][  0]LogHMD: Failed to initialize OpenVR with code 110
[2019.01.09-21.18.24:878][  0]LogD3D11RHI: D3D11 adapters:
[2019.01.09-21.18.24:994][  0]LogD3D11RHI:    0. 'NVIDIA GeForce GTX 1060' (Feature Level 11_0)
[2019.01.09-21.18.24:995][  0]LogD3D11RHI:       6054/0/8154 MB DedicatedVideo/DedicatedSystem/SharedSystem, Outputs:1, VendorId:0x10de
[2019.01.09-21.18.25:034][  0]LogD3D11RHI:    1. 'Intel(R) UHD Graphics 620' (Feature Level 11_0)
[2019.01.09-21.18.25:034][  0]LogD3D11RHI:       128/0/8154 MB DedicatedVideo/DedicatedSystem/SharedSystem, Outputs:0, VendorId:0x8086
[2019.01.09-21.18.25:043][  0]LogD3D11RHI:    2. 'Microsoft Basic Render Driver' (Feature Level 11_0)
[2019.01.09-21.18.25:043][  0]LogD3D11RHI:       0/0/8154 MB DedicatedVideo/DedicatedSystem/SharedSystem, Outputs:0, VendorId:0x1414
[2019.01.09-21.18.25:043][  0]LogD3D11RHI: Chosen D3D11 Adapter: 0
[2019.01.09-21.18.25:109][  0]LogD3D11RHI: Creating new Direct3DDevice
[2019.01.09-21.18.25:109][  0]LogD3D11RHI:     GPU DeviceId: 0x1c20 (for the marketing name, search the web for "GPU Device Id")
[2019.01.09-21.18.25:109][  0]LogWindows: EnumDisplayDevices:
[2019.01.09-21.18.25:110][  0]LogWindows:    0. 'Intel(R) UHD Graphics 620' (P:1 D:1)
[2019.01.09-21.18.25:111][  0]LogWindows:    1. 'Intel(R) UHD Graphics 620' (P:0 D:0)
[2019.01.09-21.18.25:112][  0]LogWindows:    2. 'Intel(R) UHD Graphics 620' (P:0 D:0)
[2019.01.09-21.18.25:112][  0]LogWindows: DebugString: PrimaryIsNotTheChoosenAdapter PrimaryIsNotTheChoosenAdapter PrimaryIsNotTheChoosenAdapter FoundDriverCount:0 
[2019.01.09-21.18.25:112][  0]LogD3D11RHI:     Adapter Name: NVIDIA GeForce GTX 1060
[2019.01.09-21.18.25:112][  0]LogD3D11RHI:   Driver Version: Unknown (internal:Unknown, unified:Unknown)
[2019.01.09-21.18.25:112][  0]LogD3D11RHI:      Driver Date: Unknown
[2019.01.09-21.18.25:112][  0]LogRHI: Texture pool is 4237 MB (70% of 6054 MB)
[2019.01.09-21.18.25:201][  0]LogD3D11RHI: Async texture creation enabled
[2019.01.09-21.18.25:230][  0]LogD3D11RHI: GPU Timing Frequency: 1000.000000 (Debug: 2 2)
[2019.01.09-21.18.25:236][  0]LogShaderCompilers: Guid format shader working directory is -35 characters bigger than the processId version (../../../../../../Users/longf/Documents/GitHub/CB_AssetPipeline/CB_AssetPipeline/Intermediate/Shaders/WorkingDirectory/10868/).
[2019.01.09-21.18.25:237][  0]LogShaderCompilers: Cleaned the shader compiler working directory 'C:/Users/longf/AppData/Local/Temp/UnrealShaderWorkingDir/659E52CA45C7D14F577C8082E2850A32/'.
[2019.01.09-21.18.25:833][  0]LogTemp: Display: Loaded TP AllDesktopTargetPlatform
[2019.01.09-21.18.25:862][  0]LogTemp: Display: Loaded TP MacClientTargetPlatform
[2019.01.09-21.18.25:895][  0]LogTemp: Display: Loaded TP MacNoEditorTargetPlatform
[2019.01.09-21.18.25:926][  0]LogTemp: Display: Loaded TP MacServerTargetPlatform
[2019.01.09-21.18.25:957][  0]LogTemp: Display: Loaded TP MacTargetPlatform
[2019.01.09-21.18.25:988][  0]LogTemp: Display: Loaded TP WindowsClientTargetPlatform
[2019.01.09-21.18.26:017][  0]LogTemp: Display: Loaded TP WindowsNoEditorTargetPlatform
[2019.01.09-21.18.26:049][  0]LogTemp: Display: Loaded TP WindowsServerTargetPlatform
[2019.01.09-21.18.26:062][  0]LogTemp: Display: Loaded TP WindowsTargetPlatform
[2019.01.09-21.18.26:239][  0]LogTemp: Display: Loaded TP AndroidTargetPlatform
[2019.01.09-21.18.26:239][  0]LogTemp: Display: Loaded TP AndroidTargetPlatform
[2019.01.09-21.18.26:239][  0]LogTemp: Display: Loaded TP AndroidTargetPlatform
[2019.01.09-21.18.26:239][  0]LogTemp: Display: Loaded TP AndroidTargetPlatform
[2019.01.09-21.18.26:239][  0]LogTemp: Display: Loaded TP AndroidTargetPlatform
[2019.01.09-21.18.26:239][  0]LogTemp: Display: Loaded TP AndroidTargetPlatform
[2019.01.09-21.18.26:239][  0]LogTemp: Display: Loaded TP AndroidTargetPlatform
[2019.01.09-21.18.26:239][  0]LogTemp: Display: Loaded TP AndroidTargetPlatform
[2019.01.09-21.18.26:240][  0]LogTemp: Display: Loaded TP AndroidTargetPlatform
[2019.01.09-21.18.26:240][  0]LogTemp: Display: Loaded TP AndroidTargetPlatform
[2019.01.09-21.18.26:240][  0]LogTemp: Display: Loaded TP AndroidTargetPlatform
[2019.01.09-21.18.26:240][  0]LogTemp: Display: Loaded TP AndroidTargetPlatform
[2019.01.09-21.18.26:240][  0]LogTemp: Display: Loaded TP AndroidTargetPlatform
[2019.01.09-21.18.26:240][  0]LogTemp: Display: Loaded TP AndroidTargetPlatform
[2019.01.09-21.18.26:240][  0]LogTemp: Display: Loaded TP AndroidTargetPlatform
[2019.01.09-21.18.26:240][  0]LogTemp: Display: Loaded TP AndroidTargetPlatform
[2019.01.09-21.18.26:240][  0]LogTemp: Display: Loaded TP AndroidTargetPlatform
[2019.01.09-21.18.26:240][  0]LogTemp: Display: Loaded TP AndroidTargetPlatform
[2019.01.09-21.18.26:244][  0]LogTemp: Display: Loaded TP HTML5TargetPlatform
[2019.01.09-21.18.26:335][  0]LogTemp: Display: Loaded TP IOSTargetPlatform
[2019.01.09-21.18.26:335][  0]LogTemp: Display: Loaded TP IOSTargetPlatform
[2019.01.09-21.18.26:386][  0]LogTemp: Display: Loaded TP TVOSTargetPlatform
[2019.01.09-21.18.26:386][  0]LogTemp: Display: Loaded TP TVOSTargetPlatform
[2019.01.09-21.18.26:412][  0]LogTemp: Display: Loaded TP LinuxClientTargetPlatform
[2019.01.09-21.18.26:433][  0]LogTemp: Display: Loaded TP LinuxNoEditorTargetPlatform
[2019.01.09-21.18.26:458][  0]LogTemp: Display: Loaded TP LinuxServerTargetPlatform
[2019.01.09-21.18.26:487][  0]LogTemp: Display: Loaded TP LinuxTargetPlatform
[2019.01.09-21.18.26:508][  0]LogTemp: Display: Loaded TP LuminTargetPlatform
[2019.01.09-21.18.26:509][  0]LogTargetPlatformManager: Display: Building Assets For Windows
[2019.01.09-21.18.26:714][  0]LogXGEController: Cannot use XGE Controller as Incredibuild is not installed on this machine.
[2019.01.09-21.18.26:714][  0]LogShaderCompilers: Cannot use XGE Shader Compiler as Incredibuild is not installed on this machine.
[2019.01.09-21.18.26:714][  0]LogShaderCompilers: Display: Using Local Shader Compiler.
[2019.01.09-21.18.28:429][  0]LogDerivedDataCache: Display: Max Cache Size: 512 MB
[2019.01.09-21.18.28:604][  0]LogDerivedDataCache: Loaded boot cache 0.18s 71MB C:/Users/longf/AppData/Local/UnrealEngine/4.20/DerivedDataCache/Boot.ddc.
[2019.01.09-21.18.28:606][  0]LogDerivedDataCache: Display: Loaded Boot cache: C:/Users/longf/AppData/Local/UnrealEngine/4.20/DerivedDataCache/Boot.ddc
[2019.01.09-21.18.28:607][  0]LogDerivedDataCache: FDerivedDataBackendGraph:  Pak pak cache file ../../../../../../Users/longf/Documents/GitHub/CB_AssetPipeline/CB_AssetPipeline/DerivedDataCache/DDC.ddp not found, will not use a pak cache.
[2019.01.09-21.18.28:607][  0]LogDerivedDataCache: Unable to find inner node Pak for hierarchical cache Hierarchy.
[2019.01.09-21.18.28:607][  0]LogDerivedDataCache: FDerivedDataBackendGraph:  CompressedPak pak cache file ../../../../../../Users/longf/Documents/GitHub/CB_AssetPipeline/CB_AssetPipeline/DerivedDataCache/Compressed.ddp not found, will not use a pak cache.
[2019.01.09-21.18.28:607][  0]LogDerivedDataCache: Unable to find inner node CompressedPak for hierarchical cache Hierarchy.
[2019.01.09-21.18.28:645][  0]LogDerivedDataCache: Display: Pak cache opened for reading ../../../Engine/DerivedDataCache/Compressed.ddp.
[2019.01.09-21.18.28:661][  0]LogDerivedDataCache: Using Local data cache path C:/Users/longf/AppData/Local/UnrealEngine/Common/DerivedDataCache: Writable
[2019.01.09-21.18.28:661][  0]LogDerivedDataCache: Shared data cache path not found in *engine.ini, will not use an Shared cache.
[2019.01.09-21.18.28:661][  0]LogDerivedDataCache: Unable to find inner node Shared for hierarchical cache Hierarchy.
[2019.01.09-21.18.28:710][  0]LogMaterial: Verifying Global Shaders for PCD3D_SM5
[2019.01.09-21.18.28:714][  0]LogSlate: Using FreeType 2.6.0
[2019.01.09-21.18.28:717][  0]LogSlate: SlateFontServices - WITH_FREETYPE: 1, WITH_HARFBUZZ: 1
[2019.01.09-21.18.28:869][  0]LogAssetRegistry: FAssetRegistry took 0.0347 seconds to start up
[2019.01.09-21.18.29:776][  0]LogInit: Selected Device Profile: [Windows]
[2019.01.09-21.18.29:898][  0]LogSimplygon: Simplygon DLL not present - disabling.
[2019.01.09-21.18.29:912][  0]LogMeshReduction: Using SimplygonSwarm for distributed automatic mesh merging
[2019.01.09-21.18.29:912][  0]LogMeshReduction: Using ProxyLODMeshReduction for automatic mesh merging
[2019.01.09-21.18.29:912][  0]LogMeshReduction: Using QuadricMeshReduction for automatic static mesh reduction
[2019.01.09-21.18.29:912][  0]LogMeshReduction: No automatic skeletal mesh reduction module available
[2019.01.09-21.18.30:126][  0]LogNetVersion: CB_AssetPipeline 1.0.0, NetCL: 4212847, EngineNetVer: 5, GameNetVer: 0 (Checksum: 3120743574)
[2019.01.09-21.18.31:507][  0]LogPackageLocalizationCache: Processed 12 localized package path(s) for 2 prioritized culture(s) in 0.314733 seconds
[2019.01.09-21.18.31:533][  0]LogUObjectArray: 38425 objects as part of root set at end of initial load.
[2019.01.09-21.18.31:533][  0]LogUObjectAllocator: 6690864 out of 0 bytes used by permanent object pool.
[2019.01.09-21.18.31:533][  0]LogUObjectArray: CloseDisregardForGC: 0/0 objects in disregard for GC pool
[2019.01.09-21.18.33:299][  0]LogTcpMessaging: Initializing TcpMessaging bridge
[2019.01.09-21.18.33:358][  0]LogUdpMessaging: Initializing bridge on interface 0.0.0.0:0 to multicast group 230.0.0.1:6666.
[2019.01.09-21.18.33:633][  0]SourceControl: Source control is disabled
[2019.01.09-21.18.33:633][  0]SourceControl: Source control is disabled
[2019.01.09-21.18.33:636][  0]SourceControl: Source control is disabled
[2019.01.09-21.18.33:637][  0]SourceControl: Source control is disabled
[2019.01.09-21.18.33:955][  0]LogAndroidPermission: UAndroidPermissionCallbackProxy::GetInstance
[2019.01.09-21.18.34:151][  0]LogHoudiniEngine: Starting the Houdini Engine module.
[2019.01.09-21.18.34:154][  0]LogHoudiniEngine: Loaded libHAPIL.dll from Registry path C:/Program Files/Side Effects Software/Houdini 17.0.352/bin
[2019.01.09-21.18.34:157][  0]LogLinker: Warning: Asset '../../Plugins/Runtime/HoudiniEngine/Content/houdini_logo.uasset' has been saved with empty engine version. The asset will be loaded but may be incompatible.
[2019.01.09-21.18.34:166][  0]LogLinker: Warning: Asset '../../Plugins/Runtime/HoudiniEngine/Content/houdini_default_material.uasset' has been saved with empty engine version. The asset will be loaded but may be incompatible.
[2019.01.09-21.18.34:177][  0]LogLinker: Warning: Asset '../../Plugins/Runtime/HoudiniEngine/Content/houdini_bgeo_import.uasset' has been saved with empty engine version. The asset will be loaded but may be incompatible.
[2019.01.09-21.18.36:377][  0]LogHoudiniEngine: Successfully intialized the Houdini Engine API module.
[2019.01.09-21.18.36:402][  0]LogOcInput: OculusInput pre-init called
[2019.01.09-21.18.36:512][  0]LogEngine: Initializing Engine...
[2019.01.09-21.18.36:513][  0]LogHMD: Failed to initialize OpenVR with code 110
[2019.01.09-21.18.36:515][  0]LogStats: UGameplayTagsManager::ConstructGameplayTagTree: ImportINI prefixes -  0.000 s
[2019.01.09-21.18.36:515][  0]LogStats: UGameplayTagsManager::ConstructGameplayTagTree: Construct from data asset -  0.000 s
[2019.01.09-21.18.36:515][  0]LogStats: UGameplayTagsManager::ConstructGameplayTagTree: ImportINI -  0.000 s
[2019.01.09-21.18.36:515][  0]LogStats: UGameplayTagsManager::ConstructGameplayTagTree: GameplayTagTreeChangedEvent.Broadcast -  0.000 s
[2019.01.09-21.18.36:990][  0]LogInit: Initializing FReadOnlyCVARCache
[2019.01.09-21.18.37:025][  0]LogAIModule: Creating AISystem for world Untitled
[2019.01.09-21.18.37:140][  0]LogInit: XAudio2 using 'SAMSUNG (Intel(R) Display Audio)' : 2 channels at 48 kHz using 16 bits per sample (channel mask 0x3)
[2019.01.09-21.18.37:186][  0]LogInit: FAudioDevice initialized.
[2019.01.09-21.18.37:186][  0]LogNetVersion: Set ProjectVersion to 1.0.0.0. Version Checksum will be recalculated on next use.
[2019.01.09-21.18.37:331][  0]LogDerivedDataCache: Saved boot cache 0.14s 71MB C:/Users/longf/AppData/Local/UnrealEngine/4.20/DerivedDataCache/Boot.ddc.
[2019.01.09-21.18.37:384][  0]LogInit: Texture streaming: Enabled
[2019.01.09-21.18.37:430][  0]LogEngineSessionManager: EngineSessionManager initialized
[2019.01.09-21.18.37:485][  0]LogInit: Transaction tracking system initialized
[2019.01.09-21.18.37:539][  0]BlueprintLog: New page: Editor Load
[2019.01.09-21.18.37:788][  0]LocalizationService: Localization service is disabled
[2019.01.09-21.18.38:425][  0]LogFileCache: Scanning file cache for directory 'C:/Users/longf/Documents/GitHub/CB_AssetPipeline/CB_AssetPipeline/Content/' took 0.01s
[2019.01.09-21.18.38:425][  0]LogCook: Display: Max memory allowance for cook 16384mb min free memory 0mb
[2019.01.09-21.18.38:425][  0]LogCook: Display: Mobile HDR setting 1
[2019.01.09-21.18.38:425][  0]LogGameplayTags: Display: UGameplayTagsManager::DoneAddingNativeTags. DelegateIsBound: 0
[2019.01.09-21.18.38:425][  0]LogStats: UGameplayTagsManager::ConstructGameplayTagTree: ImportINI prefixes -  0.000 s
[2019.01.09-21.18.38:425][  0]LogStats: UGameplayTagsManager::ConstructGameplayTagTree: Construct from data asset -  0.000 s
[2019.01.09-21.18.38:426][  0]LogStats: UGameplayTagsManager::ConstructGameplayTagTree: ImportINI -  0.000 s
[2019.01.09-21.18.38:426][  0]LogStats: UGameplayTagsManager::ConstructGameplayTagTree: GameplayTagTreeChangedEvent.Broadcast -  0.000 s
[2019.01.09-21.18.38:625][  0]LogHoudiniEngineEditor: Starting the Houdini Engine Editor module.
[2019.01.09-21.18.38:634][  0]LogLinker: Warning: Can't find file '/Game/HoudiniEngine/Tools/Default/he_boolean'
[2019.01.09-21.18.38:635][  0]LogLinker: Warning: Can't find file '/Game/HoudiniEngine/Tools/Default/he_boolean'
[2019.01.09-21.18.38:635][  0]LogUObjectGlobals: Warning: Failed to find object 'Object /Game/HoudiniEngine/Tools/Default/he_boolean.he_boolean'
[2019.01.09-21.18.38:639][  0]LogFactory: FactoryCreateFile: HoudiniAsset with HoudiniAssetFactory (0 0 C:/Program Files/Side Effects Software/Houdini 17.0.352/engine/tools/he_boolean.hda)
[2019.01.09-21.18.38:687][  0]LogSavePackage: Moving '../../../../../../Users/longf/Documents/GitHub/CB_AssetPipeline/CB_AssetPipeline/Saved/he_boolean9D1FDF4F4BD4B331BF573EA08396ECAF.tmp' to '../../../../../../Users/longf/Documents/GitHub/CB_AssetPipeline/CB_AssetPipeline/Content/HoudiniEngine/Tools/Default/he_boolean.uasset'
[2019.01.09-21.18.38:691][  0]LogLinker: Warning: Can't find file '/Game/HoudiniEngine/Tools/Default/he_calculate_occlusion'
[2019.01.09-21.18.38:692][  0]LogLinker: Warning: Can't find file '/Game/HoudiniEngine/Tools/Default/he_calculate_occlusion'
[2019.01.09-21.18.38:692][  0]LogUObjectGlobals: Warning: Failed to find object 'Object /Game/HoudiniEngine/Tools/Default/he_calculate_occlusion.he_calculate_occlusion'
[2019.01.09-21.18.38:693][  0]LogFactory: FactoryCreateFile: HoudiniAsset with HoudiniAssetFactory (0 0 C:/Program Files/Side Effects Software/Houdini 17.0.352/engine/tools/he_calculate_occlusion.hda)
[2019.01.09-21.18.38:718][  0]LogSavePackage: Moving '../../../../../../Users/longf/Documents/GitHub/CB_AssetPipeline/CB_AssetPipeline/Saved/he_calculate_occlusion7CAFAA304B49EB8788652FBC4B380724.tmp' to '../../../../../../Users/longf/Documents/GitHub/CB_AssetPipeline/CB_AssetPipeline/Content/HoudiniEngine/Tools/Default/he_calculate_occlusion.uasset'
[2019.01.09-21.18.38:724][  0]LogLinker: Warning: Can't find file '/Game/HoudiniEngine/Tools/Default/he_curve_instancer'
[2019.01.09-21.18.38:724][  0]LogLinker: Warning: Can't find file '/Game/HoudiniEngine/Tools/Default/he_curve_instancer'
[2019.01.09-21.18.38:724][  0]LogUObjectGlobals: Warning: Failed to find object 'Object /Game/HoudiniEngine/Tools/Default/he_curve_instancer.he_curve_instancer'
[2019.01.09-21.18.38:725][  0]LogFactory: FactoryCreateFile: HoudiniAsset with HoudiniAssetFactory (0 0 C:/Program Files/Side Effects Software/Houdini 17.0.352/engine/tools/he_curve_instancer.hda)
[2019.01.09-21.18.38:752][  0]LogSavePackage: Moving '../../../../../../Users/longf/Documents/GitHub/CB_AssetPipeline/CB_AssetPipeline/Saved/he_curve_instancer502438F74EA50F97675002962172A3EC.tmp' to '../../../../../../Users/longf/Documents/GitHub/CB_AssetPipeline/CB_AssetPipeline/Content/HoudiniEngine/Tools/Default/he_curve_instancer.uasset'
[2019.01.09-21.18.38:757][  0]LogLinker: Warning: Can't find file '/Game/HoudiniEngine/Tools/Default/he_delete_small_parts'
[2019.01.09-21.18.38:758][  0]LogLinker: Warning: Can't find file '/Game/HoudiniEngine/Tools/Default/he_delete_small_parts'
[2019.01.09-21.18.38:758][  0]LogUObjectGlobals: Warning: Failed to find object 'Object /Game/HoudiniEngine/Tools/Default/he_delete_small_parts.he_delete_small_parts'
[2019.01.09-21.18.38:759][  0]LogFactory: FactoryCreateFile: HoudiniAsset with HoudiniAssetFactory (0 0 C:/Program Files/Side Effects Software/Houdini 17.0.352/engine/tools/he_delete_small_parts.hda)
[2019.01.09-21.18.38:784][  0]LogSavePackage: Moving '../../../../../../Users/longf/Documents/GitHub/CB_AssetPipeline/CB_AssetPipeline/Saved/he_delete_small_parts1F496DC848E55A6704743287FB6634C8.tmp' to '../../../../../../Users/longf/Documents/GitHub/CB_AssetPipeline/CB_AssetPipeline/Content/HoudiniEngine/Tools/Default/he_delete_small_parts.uasset'
[2019.01.09-21.18.38:790][  0]LogLinker: Warning: Can't find file '/Game/HoudiniEngine/Tools/Default/he_polyreduce'
[2019.01.09-21.18.38:790][  0]LogLinker: Warning: Can't find file '/Game/HoudiniEngine/Tools/Default/he_polyreduce'
[2019.01.09-21.18.38:790][  0]LogUObjectGlobals: Warning: Failed to find object 'Object /Game/HoudiniEngine/Tools/Default/he_polyreduce.he_polyreduce'
[2019.01.09-21.18.38:792][  0]LogFactory: FactoryCreateFile: HoudiniAsset with HoudiniAssetFactory (0 0 C:/Program Files/Side Effects Software/Houdini 17.0.352/engine/tools/he_polyreduce.hda)
[2019.01.09-21.18.38:820][  0]LogSavePackage: Moving '../../../../../../Users/longf/Documents/GitHub/CB_AssetPipeline/CB_AssetPipeline/Saved/he_polyreduce0D4DE88844519DF9928E02ACB4EFADAB.tmp' to '../../../../../../Users/longf/Documents/GitHub/CB_AssetPipeline/CB_AssetPipeline/Content/HoudiniEngine/Tools/Default/he_polyreduce.uasset'
[2019.01.09-21.18.38:825][  0]LogLinker: Warning: Can't find file '/Game/HoudiniEngine/Tools/Default/he_set_pivot'
[2019.01.09-21.18.38:826][  0]LogLinker: Warning: Can't find file '/Game/HoudiniEngine/Tools/Default/he_set_pivot'
[2019.01.09-21.18.38:826][  0]LogUObjectGlobals: Warning: Failed to find object 'Object /Game/HoudiniEngine/Tools/Default/he_set_pivot.he_set_pivot'
[2019.01.09-21.18.38:827][  0]LogFactory: FactoryCreateFile: HoudiniAsset with HoudiniAssetFactory (0 0 C:/Program Files/Side Effects Software/Houdini 17.0.352/engine/tools/he_set_pivot.hda)
[2019.01.09-21.18.38:856][  0]LogSavePackage: Moving '../../../../../../Users/longf/Documents/GitHub/CB_AssetPipeline/CB_AssetPipeline/Saved/he_set_pivot9D95BEC34F682B7CDA5C4E9DA607AEFE.tmp' to '../../../../../../Users/longf/Documents/GitHub/CB_AssetPipeline/CB_AssetPipeline/Content/HoudiniEngine/Tools/Default/he_set_pivot.uasset'
[2019.01.09-21.18.38:862][  0]LogLinker: Warning: Can't find file '/Game/HoudiniEngine/Tools/Default/he_surface_instancer'
[2019.01.09-21.18.38:863][  0]LogLinker: Warning: Can't find file '/Game/HoudiniEngine/Tools/Default/he_surface_instancer'
[2019.01.09-21.18.38:863][  0]LogUObjectGlobals: Warning: Failed to find object 'Object /Game/HoudiniEngine/Tools/Default/he_surface_instancer.he_surface_instancer'
[2019.01.09-21.18.38:866][  0]LogFactory: FactoryCreateFile: HoudiniAsset with HoudiniAssetFactory (0 0 C:/Program Files/Side Effects Software/Houdini 17.0.352/engine/tools/he_surface_instancer.hda)
[2019.01.09-21.18.38:890][  0]LogSavePackage: Moving '../../../../../../Users/longf/Documents/GitHub/CB_AssetPipeline/CB_AssetPipeline/Saved/he_surface_instancer232CD066463A1D58471F9D8725A45292.tmp' to '../../../../../../Users/longf/Documents/GitHub/CB_AssetPipeline/CB_AssetPipeline/Content/HoudiniEngine/Tools/Default/he_surface_instancer.uasset'
[2019.01.09-21.18.38:896][  0]LogHoudiniEngineEditor: Houdini Engine Editor module startup complete.
[2019.01.09-21.18.39:043][  0]SourceControl: Source control is disabled
[2019.01.09-21.18.39:044][  0]Cmd: MAP LOAD FILE="../../../Engine/Content/Maps/Templates/Template_Default.umap" TEMPLATE=1 SHOWPROGRESS=1 FEATURELEVEL=3
[2019.01.09-21.18.39:046][  0]LightingResults: New page: Lighting Build
[2019.01.09-21.18.39:054][  0]MapCheck: New page: Map Check
[2019.01.09-21.18.39:054][  0]LightingResults: New page: Lighting Build
[2019.01.09-21.18.39:488][  0]LogAIModule: Creating AISystem for world Untitled_1
[2019.01.09-21.18.39:497][  0]LogEditorServer: Finished looking for orphan Actors (0.001 secs)
[2019.01.09-21.18.39:537][  0]Cmd: MAP CHECKDEP NOCLEARLOG
[2019.01.09-21.18.39:705][  0]MapCheck: Map check complete: 0 Error(s), 0 Warning(s), took 167.072ms to complete.
[2019.01.09-21.18.39:706][  0]LogFileHelpers: Loading map 'Template_Default' took 0.662
[2019.01.09-21.18.39:903][  0]LogSlate: Updating window title bar state: overlay mode, drag disabled, window buttons hidden, title bar hidden
[2019.01.09-21.18.39:920][  0]LogSlate: Updating window title bar state: overlay mode, drag disabled, window buttons hidden, title bar hidden
[2019.01.09-21.18.39:931][  0]LogSlate: Updating window title bar state: overlay mode, drag disabled, window buttons hidden, title bar hidden
[2019.01.09-21.18.39:950][  0]LogSlate: Updating window title bar state: overlay mode, drag disabled, window buttons hidden, title bar hidden
[2019.01.09-21.18.39:959][  0]LogCollectionManager: Loaded 0 collections in 0.002699 seconds
[2019.01.09-21.18.40:026][  0]LogFileCache: Scanning file cache for directory 'C:/Users/longf/Documents/GitHub/CB_AssetPipeline/CB_AssetPipeline/Saved/Collections/' took 0.01s
[2019.01.09-21.18.40:026][  0]LogFileCache: Scanning file cache for directory 'C:/Users/longf/Documents/GitHub/CB_AssetPipeline/CB_AssetPipeline/Content/Developers/longf/Collections/' took 0.01s
[2019.01.09-21.18.40:027][  0]LogFileCache: Scanning file cache for directory 'C:/Users/longf/Documents/GitHub/CB_AssetPipeline/CB_AssetPipeline/Content/Collections/' took 0.01s
[2019.01.09-21.18.40:027][  0]LogCollectionManager: Rebuilt the GUID cache for 0 collections in 0.000000 seconds
[2019.01.09-21.18.40:052][  0]LogContentBrowser: Native class hierarchy populated in 0.0253 seconds. Added 2610 classes and 610 folders.
[2019.01.09-21.18.40:070][  0]LogContentBrowser: Native class hierarchy updated for 'WidgetCarousel' in 0.0008 seconds. Added 0 classes and 0 folders.
[2019.01.09-21.18.40:195][  0]LogContentBrowser: Native class hierarchy updated for 'AddContentDialog' in 0.0005 seconds. Added 0 classes and 0 folders.
[2019.01.09-21.18.40:217][  0]LogContentBrowser: Native class hierarchy updated for 'SceneOutliner' in 0.0011 seconds. Added 1 classes and 2 folders.
[2019.01.09-21.18.40:375][  0]LogSlate: Took 0.001132 seconds to synchronously load lazily loaded font '../../../Engine/Content/Slate/Fonts/Roboto-Regular.ttf' (155K)
[2019.01.09-21.18.40:382][  0]LogSlate: Took 0.000464 seconds to synchronously load lazily loaded font '../../../Engine/Content/Slate/Fonts/Roboto-Bold.ttf' (160K)
[2019.01.09-21.18.40:391][  0]LogSlate: Took 0.000482 seconds to synchronously load lazily loaded font '../../../Engine/Content/Editor/Slate/Fonts/FontAwesome.ttf' (139K)
[2019.01.09-21.18.40:612][  0]LogRenderer: Reallocating scene render targets to support 772x656 Format 10 NumSamples 1 (Frame:1).
[2019.01.09-21.18.41:181][  0]LogContentBrowser: Native class hierarchy updated for 'HierarchicalLODOutliner' in 0.0003 seconds. Added 0 classes and 0 folders.
[2019.01.09-21.18.41:181][  0]LogLoad: (Engine Initialization) Total time: 23.36 seconds
[2019.01.09-21.18.41:181][  0]LogLoad: (Engine Initialization) Total Blueprint compile time: 0.00 seconds
[2019.01.09-21.18.41:233][  0]LogContentStreaming: Texture pool size now 3000 MB
[2019.01.09-21.18.41:333][  1]LogAssetRegistry: Asset discovery search completed in 12.4881 seconds
[2019.01.09-21.18.41:336][  1]LogCollectionManager: Rebuilt the object cache for 0 collections in 0.000000 seconds (found 0 objects)
[2019.01.09-21.18.41:336][  1]LogCollectionManager: Fixed up redirectors for 0 collections in 0.000060 seconds (updated 0 objects)
[2019.01.09-21.18.56:124][402]LogSlate: FSceneViewport::OnFocusLost() reason 0
[2019.01.09-21.18.56:358][405]LogActorFactory: Actor Factory created Cylinder
[2019.01.09-21.18.57:252][433]LogActorFactory: Actor Factory created Cylinder
[2019.01.09-21.19.00:694][540]LogSlate: FSceneViewport::OnFocusLost() reason 0
[2019.01.09-21.19.00:817][541]LogActorFactory: Actor Factory created Cone
[2019.01.09-21.19.02:939][605]LogActorFactory: Actor Factory created Cone
[2019.01.09-21.19.16:721][ 48]LogEditorViewport: Clicking on Actor (LMB): BP_Sky_Sphere_C (Sky Sphere)
[2019.01.09-21.19.32:158][543]LogSlate: FSceneViewport::OnFocusLost() reason 2
[2019.01.09-21.19.33:701][584]LogSlate: Took 0.000321 seconds to synchronously load lazily loaded font '../../../Engine/Content/Slate/Fonts/Roboto-Light.ttf' (167K)
[2019.01.09-21.19.33:704][584]LogSlate: FSceneViewport::OnFocusLost() reason 2
[2019.01.09-21.19.41:363][584]LogSlate: Window 'Save Level As' being destroyed
[2019.01.09-21.19.41:481][584]Cmd: OBJ SAVEPACKAGE PACKAGE="/Game/Playground" FILE="../../../../../../Users/longf/Documents/GitHub/CB_AssetPipeline/CB_AssetPipeline/Content/Playground.umap" SILENT=true AUTOSAVING=false KEEPDIRTY=false
[2019.01.09-21.19.41:608][584]LogSavePackage: Moving '../../../../../../Users/longf/Documents/GitHub/CB_AssetPipeline/CB_AssetPipeline/Saved/Playground04EFF58E40BE9E138EA77E96285E34FC.tmp' to '../../../../../../Users/longf/Documents/GitHub/CB_AssetPipeline/CB_AssetPipeline/Content/Playground.umap'
[2019.01.09-21.19.41:648][584]LogFileHelpers: Saving map 'Playground' took 0.277
[2019.01.09-21.19.57:457][898]LogSlate: Window 'Save Content' being destroyed
[2019.01.09-21.19.57:487][898]LogSlate: FSceneViewport::OnFocusLost() reason 2
[2019.01.09-21.19.57:531][898]Cmd: OBJ SAVEPACKAGE PACKAGE="/Game/Playground_BuiltData" FILE="../../../../../../Users/longf/Documents/GitHub/CB_AssetPipeline/CB_AssetPipeline/Content/Playground_BuiltData.uasset" SILENT=true
[2019.01.09-21.19.57:578][898]LogSavePackage: Moving '../../../../../../Users/longf/Documents/GitHub/CB_AssetPipeline/CB_AssetPipeline/Saved/Playground_BuiltData538FCDE74BD64CC2178FAC833C5E9E03.tmp' to '../../../../../../Users/longf/Documents/GitHub/CB_AssetPipeline/CB_AssetPipeline/Content/Playground_BuiltData.uasset'
[2019.01.09-21.19.57:713][898]LogSlate: Window 'CB_AssetPipeline - Unreal Editor' being destroyed
[2019.01.09-21.19.57:713][898]LogWindowsTextInputMethodSystem: Display: IME system now deactivated.
[2019.01.09-21.19.58:330][899]Cmd: QUIT_EDITOR
[2019.01.09-21.19.58:432][899]LogExit: Preparing to exit.
[2019.01.09-21.19.59:493][899]LogExit: Editor shut down
[2019.01.09-21.19.59:495][899]LogExit: Transaction tracking system shut down
[2019.01.09-21.19.59:822][899]LogExit: Object subsystem successfully closed.
[2019.01.09-21.19.59:852][899]LogShaderCompilers: Display: Shaders left to compile 0
[2019.01.09-21.19.59:857][899]LogD3D11RHI: Shutdown
[2019.01.09-21.19.59:857][899]LogD3D11RHI: CleanupD3DDevice
[2019.01.09-21.19.59:859][899]LogD3D11RHI: ~FD3D11DynamicRHI
[2019.01.09-21.19.59:916][899]LogModuleManager: Shutting down and abandoning module HierarchicalLODOutliner (616)
[2019.01.09-21.19.59:916][899]LogModuleManager: Shutting down and abandoning module SceneOutliner (614)
[2019.01.09-21.19.59:917][899]LogModuleManager: Shutting down and abandoning module AddContentDialog (612)
[2019.01.09-21.19.59:918][899]LogModuleManager: Shutting down and abandoning module WidgetCarousel (611)
[2019.01.09-21.19.59:918][899]LogModuleManager: Shutting down and abandoning module EditorWidgets (608)
[2019.01.09-21.19.59:918][899]LogModuleManager: Shutting down and abandoning module CollectionManager (606)
[2019.01.09-21.19.59:919][899]LogModuleManager: Shutting down and abandoning module HierarchicalLODUtilities (604)
[2019.01.09-21.19.59:919][899]LogModuleManager: Shutting down and abandoning module StatsViewer (602)
[2019.01.09-21.19.59:919][899]LogModuleManager: Shutting down and abandoning module FoliageEdit (600)
[2019.01.09-21.19.59:919][899]LogModuleManager: Shutting down and abandoning module LandscapeEditor (598)
[2019.01.09-21.19.59:919][899]LogModuleManager: Shutting down and abandoning module MeshPaintMode (596)
[2019.01.09-21.19.59:919][899]LogModuleManager: Shutting down and abandoning module SceneDepthPickerMode (594)
[2019.01.09-21.19.59:919][899]LogModuleManager: Shutting down and abandoning module ActorPickerMode (592)
[2019.01.09-21.19.59:919][899]LogModuleManager: Shutting down and abandoning module GeometryMode (590)
[2019.01.09-21.19.59:920][899]LogModuleManager: Shutting down and abandoning module TextureAlignMode (588)
[2019.01.09-21.19.59:920][899]LogModuleManager: Shutting down and abandoning module BspMode (586)
[2019.01.09-21.19.59:920][899]LogModuleManager: Shutting down and abandoning module PIEPreviewDeviceProfileSelector (584)
[2019.01.09-21.19.59:920][899]LogModuleManager: Shutting down and abandoning module SequenceRecorderSections (582)
[2019.01.09-21.19.59:920][899]LogModuleManager: Shutting down and abandoning module AutomationWorker (580)
[2019.01.09-21.19.59:920][899]LogModuleManager: Shutting down and abandoning module HoudiniEngineEditor (578)
[2019.01.09-21.19.59:920][899]LogHoudiniEngineEditor: Shutting down the Houdini Engine Editor module.
[2019.01.09-21.19.59:920][899]LogHoudiniEngineEditor: Houdini Engine Editor module shutdown complete.
[2019.01.09-21.19.59:920][899]LogModuleManager: Shutting down and abandoning module AudioCaptureEditor (576)
[2019.01.09-21.19.59:920][899]LogModuleManager: Shutting down and abandoning module SequenceRecorder (575)
[2019.01.09-21.19.59:920][899]LogModuleManager: Shutting down and abandoning module MatineeToLevelSequence (572)
[2019.01.09-21.19.59:920][899]LogModuleManager: Shutting down and abandoning module LevelSequenceEditor (570)
[2019.01.09-21.19.59:920][899]LogModuleManager: Shutting down and abandoning module PlacementMode (569)
[2019.01.09-21.19.59:920][899]LogModuleManager: Shutting down and abandoning module MaterialEditor (568)
[2019.01.09-21.19.59:920][899]LogModuleManager: Shutting down and abandoning module WmfMediaFactory (564)
[2019.01.09-21.19.59:920][899]LogModuleManager: Shutting down and abandoning module WmfMediaEditor (562)
[2019.01.09-21.19.59:920][899]LogModuleManager: Shutting down and abandoning module MediaPlayerEditor (560)
[2019.01.09-21.19.59:920][899]LogModuleManager: Shutting down and abandoning module OpenExrWrapper (558)
[2019.01.09-21.19.59:920][899]LogModuleManager: Shutting down and abandoning module ImgMediaFactory (556)
[2019.01.09-21.19.59:920][899]LogModuleManager: Shutting down and abandoning module ImgMediaEditor (554)
[2019.01.09-21.19.59:920][899]LogModuleManager: Shutting down and abandoning module AvfMediaFactory (552)
[2019.01.09-21.19.59:920][899]LogModuleManager: Shutting down and abandoning module AvfMediaEditor (550)
[2019.01.09-21.19.59:920][899]LogModuleManager: Shutting down and abandoning module AndroidMediaFactory (548)
[2019.01.09-21.19.59:920][899]LogModuleManager: Shutting down and abandoning module AndroidMediaEditor (546)
[2019.01.09-21.19.59:920][899]LogModuleManager: Shutting down and abandoning module MagicLeapCameraPreviewFactory (544)
[2019.01.09-21.19.59:920][899]LogModuleManager: Shutting down and abandoning module MagicLeapMediaFactory (542)
[2019.01.09-21.19.59:920][899]LogModuleManager: Shutting down and abandoning module MagicLeapMediaEditor (540)
[2019.01.09-21.19.59:921][899]LogModuleManager: Shutting down and abandoning module CharacterAI (538)
[2019.01.09-21.19.59:921][899]LogModuleManager: Shutting down and abandoning module SmartSnapping (536)
[2019.01.09-21.19.59:921][899]LogModuleManager: Shutting down and abandoning module SessionServices (534)
[2019.01.09-21.19.59:921][899]LogModuleManager: Shutting down and abandoning module ViewportSnapping (532)
[2019.01.09-21.19.59:921][899]LogModuleManager: Shutting down and abandoning module ViewportInteraction (530)
[2019.01.09-21.19.59:921][899]LogModuleManager: Shutting down and abandoning module ClothPainter (528)
[2019.01.09-21.19.59:921][899]LogModuleManager: Shutting down and abandoning module SkeletalMeshEditor (527)
[2019.01.09-21.19.59:921][899]LogModuleManager: Shutting down and abandoning module LogVisualizer (524)
[2019.01.09-21.19.59:921][899]LogModuleManager: Shutting down and abandoning module IntroTutorials (522)
[2019.01.09-21.19.59:921][899]LogModuleManager: Shutting down and abandoning module GameProjectGeneration (521)
[2019.01.09-21.19.59:921][899]LogModuleManager: Shutting down and abandoning module LuminPlatformEditor (518)
[2019.01.09-21.19.59:921][899]LogModuleManager: Shutting down and abandoning module IOSPlatformEditor (516)
[2019.01.09-21.19.59:921][899]LogModuleManager: Shutting down and abandoning module HTML5PlatformEditor (514)
[2019.01.09-21.19.59:921][899]LogModuleManager: Shutting down and abandoning module AndroidPlatformEditor (512)
[2019.01.09-21.19.59:921][899]LogModuleManager: Shutting down and abandoning module AndroidDeviceDetection (511)
[2019.01.09-21.20.00:949][899]LogModuleManager: Shutting down and abandoning module WindowsPlatformEditor (508)
[2019.01.09-21.20.00:949][899]LogModuleManager: Shutting down and abandoning module LuminRuntimeSettings (506)
[2019.01.09-21.20.00:949][899]LogModuleManager: Shutting down and abandoning module IOSRuntimeSettings (504)
[2019.01.09-21.20.00:949][899]LogModuleManager: Shutting down and abandoning module AndroidRuntimeSettings (502)
[2019.01.09-21.20.00:949][899]LogModuleManager: Shutting down and abandoning module InputBindingEditor (500)
[2019.01.09-21.20.00:949][899]LogModuleManager: Shutting down and abandoning module MergeActors (498)
[2019.01.09-21.20.00:950][899]LogModuleManager: Shutting down and abandoning module LocalizationDashboard (496)
[2019.01.09-21.20.00:950][899]LogModuleManager: Shutting down and abandoning module LocalizationService (495)
[2019.01.09-21.20.00:950][899]LogModuleManager: Shutting down and abandoning module HardwareTargeting (492)
[2019.01.09-21.20.00:950][899]LogModuleManager: Shutting down and abandoning module DeviceProfileEditor (490)
[2019.01.09-21.20.00:950][899]LogModuleManager: Shutting down and abandoning module UndoHistory (488)
[2019.01.09-21.20.00:950][899]LogModuleManager: Shutting down and abandoning module XmlParser (486)
[2019.01.09-21.20.00:950][899]LogModuleManager: Shutting down and abandoning module Blutility (484)
[2019.01.09-21.20.00:950][899]LogModuleManager: Shutting down and abandoning module ProjectSettingsViewer (482)
[2019.01.09-21.20.00:950][899]LogModuleManager: Shutting down and abandoning module ProjectTargetPlatformEditor (481)
[2019.01.09-21.20.00:950][899]LogModuleManager: Shutting down and abandoning module EditorSettingsViewer (478)
[2019.01.09-21.20.00:950][899]LogModuleManager: Shutting down and abandoning module SettingsEditor (476)
[2019.01.09-21.20.00:951][899]LogModuleManager: Shutting down and abandoning module ProjectLauncher (474)
[2019.01.09-21.20.00:951][899]LogModuleManager: Shutting down and abandoning module SessionFrontend (472)
[2019.01.09-21.20.00:951][899]LogModuleManager: Shutting down and abandoning module ProfilerClient (470)
[2019.01.09-21.20.00:951][899]LogModuleManager: Shutting down and abandoning module DeviceManager (468)
[2019.01.09-21.20.00:951][899]LogModuleManager: Shutting down and abandoning module TargetDeviceServices (467)
[2019.01.09-21.20.01:005][899]LogModuleManager: Shutting down and abandoning module AutomationController (464)
[2019.01.09-21.20.01:005][899]LogModuleManager: Shutting down and abandoning module AutomationWindow (462)
[2019.01.09-21.20.01:005][899]LogModuleManager: Shutting down and abandoning module Layers (460)
[2019.01.09-21.20.01:006][899]LogModuleManager: Shutting down and abandoning module ComponentVisualizers (458)
[2019.01.09-21.20.01:006][899]LogModuleManager: Shutting down and abandoning module DetailCustomizations (456)
[2019.01.09-21.20.01:006][899]LogModuleManager: Shutting down and abandoning module PackagesDialog (454)
[2019.01.09-21.20.01:006][899]LogModuleManager: Shutting down and abandoning module Persona (452)
[2019.01.09-21.20.01:007][899]LogModuleManager: Shutting down and abandoning module AdvancedPreviewScene (451)
[2019.01.09-21.20.01:007][899]LogModuleManager: Shutting down and abandoning module AnimGraph (449)
[2019.01.09-21.20.01:007][899]LogModuleManager: Shutting down and abandoning module Kismet (446)
[2019.01.09-21.20.01:008][899]LogModuleManager: Shutting down and abandoning module GraphEditor (444)
[2019.01.09-21.20.01:008][899]LogModuleManager: Shutting down and abandoning module ClassViewer (442)
[2019.01.09-21.20.01:008][899]LogModuleManager: Shutting down and abandoning module Toolbox (440)
[2019.01.09-21.20.01:008][899]LogModuleManager: Shutting down and abandoning module ModuleUI (438)
[2019.01.09-21.20.01:008][899]LogModuleManager: Shutting down and abandoning module MovieSceneTools (436)
[2019.01.09-21.20.01:008][899]LogModuleManager: Shutting down and abandoning module OutputLog (434)
[2019.01.09-21.20.01:008][899]LogModuleManager: Shutting down and abandoning module GammaUI (432)
[2019.01.09-21.20.01:008][899]LogModuleManager: Shutting down and abandoning module Documentation (430)
[2019.01.09-21.20.01:008][899]LogModuleManager: Shutting down and abandoning module MovieSceneTracks (428)
[2019.01.09-21.20.01:008][899]LogModuleManager: Shutting down and abandoning module MovieScene (426)
[2019.01.09-21.20.01:008][899]LogModuleManager: Shutting down and abandoning module StreamingPauseRendering (424)
[2019.01.09-21.20.01:008][899]LogModuleManager: Shutting down and abandoning module LauncherPlatform (422)
[2019.01.09-21.20.01:008][899]LogModuleManager: Shutting down and abandoning module AnalyticsET (420)
[2019.01.09-21.20.01:008][899]LogModuleManager: Shutting down and abandoning module PortalServices (418)
[2019.01.09-21.20.01:008][899]LogModuleManager: Shutting down and abandoning module PortalRpc (416)
[2019.01.09-21.20.01:008][899]LogModuleManager: Shutting down and abandoning module MessagingRpc (414)
[2019.01.09-21.20.01:008][899]LogModuleManager: Shutting down and abandoning module AIModule (412)
[2019.01.09-21.20.01:009][899]LogModuleManager: Shutting down and abandoning module GameplayDebugger (411)
[2019.01.09-21.20.01:009][899]LogModuleManager: Shutting down and abandoning module AITestSuite (409)
[2019.01.09-21.20.01:009][899]LogModuleManager: Shutting down and abandoning module NavigationSystem (407)
[2019.01.09-21.20.01:009][899]LogModuleManager: Shutting down and abandoning module DesktopPlatform (404)
[2019.01.09-21.20.01:009][899]LogModuleManager: Shutting down and abandoning module ProfilerService (402)
[2019.01.09-21.20.01:096][899]LogModuleManager: Shutting down and abandoning module TaskGraph (400)
[2019.01.09-21.20.01:096][899]LogModuleManager: Shutting down and abandoning module SteamVRController (398)
[2019.01.09-21.20.01:096][899]LogModuleManager: Shutting down and abandoning module ProceduralMeshComponentEditor (396)
[2019.01.09-21.20.01:096][899]LogModuleManager: Shutting down and abandoning module ProceduralMeshComponent (394)
[2019.01.09-21.20.01:096][899]LogModuleManager: Shutting down and abandoning module OculusInput (392)
[2019.01.09-21.20.01:096][899]LogModuleManager: Shutting down and abandoning module MobilePatchingUtils (390)
[2019.01.09-21.20.01:096][899]LogModuleManager: Shutting down and abandoning module HoudiniEngineRuntime (388)
[2019.01.09-21.20.01:096][899]LogHoudiniEngine: Shutting down the Houdini Engine module.
[2019.01.09-21.20.01:099][899]LogModuleManager: Shutting down and abandoning module EditableMesh (386)
[2019.01.09-21.20.01:099][899]LogModuleManager: Shutting down and abandoning module CustomMeshComponent (384)
[2019.01.09-21.20.01:099][899]LogModuleManager: Shutting down and abandoning module CableComponent (382)
[2019.01.09-21.20.01:099][899]LogModuleManager: Shutting down and abandoning module AudioCapture (380)
[2019.01.09-21.20.01:099][899]LogModuleManager: Shutting down and abandoning module ArchVisCharacter (378)
[2019.01.09-21.20.01:099][899]LogModuleManager: Shutting down and abandoning module AndroidPermission (376)
[2019.01.09-21.20.01:099][899]LogModuleManager: Shutting down and abandoning module NUTUnrealEngine4 (374)
[2019.01.09-21.20.01:099][899]LogModuleManager: Shutting down and abandoning module NetcodeUnitTest (372)
[2019.01.09-21.20.01:099][899]LogModuleManager: Shutting down and abandoning module MediaCompositingEditor (370)
[2019.01.09-21.20.01:099][899]LogModuleManager: Shutting down and abandoning module MediaCompositing (368)
[2019.01.09-21.20.01:099][899]LogModuleManager: Shutting down and abandoning module LinearTimecode (366)
[2019.01.09-21.20.01:099][899]LogModuleManager: Shutting down and abandoning module ImgMedia (364)
[2019.01.09-21.20.01:121][899]LogModuleManager: Shutting down and abandoning module HTML5Networking (362)
[2019.01.09-21.20.01:121][899]LogModuleManager: Shutting down and abandoning module GeometryCacheTracks (360)
[2019.01.09-21.20.01:121][899]LogModuleManager: Shutting down and abandoning module GeometryCacheSequencer (358)
[2019.01.09-21.20.01:121][899]LogModuleManager: Shutting down and abandoning module BackChannel (356)
[2019.01.09-21.20.01:121][899]LogModuleManager: Shutting down and abandoning module AppleVision (354)
[2019.01.09-21.20.01:121][899]LogModuleManager: Shutting down and abandoning module AppleImageUtils (352)
[2019.01.09-21.20.01:121][899]LogModuleManager: Shutting down and abandoning module AlembicImporter (350)
[2019.01.09-21.20.01:121][899]LogModuleManager: Shutting down and abandoning module AlembicLibrary (349)
[2019.01.09-21.20.01:121][899]LogModuleManager: Shutting down and abandoning module GeometryCache (348)
[2019.01.09-21.20.01:121][899]LogModuleManager: Shutting down and abandoning module GeometryCacheEd (347)
[2019.01.09-21.20.01:122][899]LogModuleManager: Shutting down and abandoning module DatasmithContentEditor (342)
[2019.01.09-21.20.01:122][899]LogModuleManager: Shutting down and abandoning module DatasmithContent (340)
[2019.01.09-21.20.01:122][899]LogModuleManager: Shutting down and abandoning module SpeedTreeImporter (338)
[2019.01.09-21.20.01:122][899]LogModuleManager: Shutting down and abandoning module PluginBrowser (336)
[2019.01.09-21.20.01:122][899]LogModuleManager: Shutting down and abandoning module MobileLauncherProfileWizard (334)
[2019.01.09-21.20.01:122][899]LogModuleManager: Shutting down and abandoning module PolygonModeling (332)
[2019.01.09-21.20.01:122][899]LogModuleManager: Shutting down and abandoning module MeshEditor (330)
[2019.01.09-21.20.01:122][899]LogModuleManager: Shutting down and abandoning module CryptoKeysOpenSSL (328)
[2019.01.09-21.20.01:122][899]LogModuleManager: Shutting down and abandoning module CryptoKeys (326)
[2019.01.09-21.20.01:122][899]LogModuleManager: Shutting down and abandoning module VisualStudioSourceCodeAccess (324)
[2019.01.09-21.20.01:122][899]LogModuleManager: Shutting down and abandoning module VisualStudioCodeSourceCodeAccess (322)
[2019.01.09-21.20.01:122][899]LogModuleManager: Shutting down and abandoning module UObjectPlugin (320)
[2019.01.09-21.20.01:122][899]LogModuleManager: Shutting down and abandoning module SubversionSourceControl (318)
[2019.01.09-21.20.01:123][899]LogModuleManager: Shutting down and abandoning module PerforceSourceControl (316)
[2019.01.09-21.20.01:123][899]LogModuleManager: Shutting down and abandoning module GitSourceControl (314)
[2019.01.09-21.20.01:123][899]LogModuleManager: Shutting down and abandoning module SourceControl (313)
[2019.01.09-21.20.01:123][899]LogModuleManager: Shutting down and abandoning module CLionSourceCodeAccess (310)
[2019.01.09-21.20.01:123][899]LogModuleManager: Shutting down and abandoning module LightPropagationVolumeEditor (308)
[2019.01.09-21.20.01:123][899]LogModuleManager: Shutting down and abandoning module PaperTiledImporter (306)
[2019.01.09-21.20.01:123][899]LogModuleManager: Shutting down and abandoning module PaperSpriteSheetImporter (304)
[2019.01.09-21.20.01:123][899]LogModuleManager: Shutting down and abandoning module Paper2DEditor (302)
[2019.01.09-21.20.01:123][899]LogModuleManager: Shutting down and abandoning module MeshPaint (301)
[2019.01.09-21.20.01:123][899]LogModuleManager: Shutting down and abandoning module RuntimePhysXCooking (298)
[2019.01.09-21.20.01:123][899]LogModuleManager: Shutting down and abandoning module PhysXVehiclesEditor (296)
[2019.01.09-21.20.01:123][899]LogModuleManager: Shutting down and abandoning module PhysXVehicles (294)
[2019.01.09-21.20.01:123][899]LogModuleManager: Shutting down and abandoning module OculusEditor (292)
[2019.01.09-21.20.01:123][899]LogModuleManager: Shutting down and abandoning module LocationServicesBPLibrary (290)
[2019.01.09-21.20.01:123][899]LogModuleManager: Shutting down and abandoning module ImmediatePhysicsEditor (288)
[2019.01.09-21.20.01:123][899]LogModuleManager: Shutting down and abandoning module ImmediatePhysics (286)
[2019.01.09-21.20.01:123][899]LogModuleManager: Shutting down and abandoning module ActorSequence (284)
[2019.01.09-21.20.01:123][899]LogModuleManager: Shutting down and abandoning module UdpMessaging (282)
[2019.01.09-21.20.01:225][899]LogModuleManager: Shutting down and abandoning module TcpMessaging (280)
[2019.01.09-21.20.01:325][899]LogModuleManager: Shutting down and abandoning module MagicLeapAudio (278)
[2019.01.09-21.20.01:325][899]LogModuleManager: Shutting down and abandoning module GameplayTagsEditor (276)
[2019.01.09-21.20.01:325][899]LogModuleManager: Shutting down and abandoning module FacialAnimationEditor (274)
[2019.01.09-21.20.01:325][899]LogModuleManager: Shutting down and abandoning module FacialAnimation (272)
[2019.01.09-21.20.01:325][899]LogModuleManager: Shutting down and abandoning module DataValidation (270)
[2019.01.09-21.20.01:325][899]LogModuleManager: Shutting down and abandoning module AssetManagerEditor (268)
[2019.01.09-21.20.01:325][899]LogModuleManager: Shutting down and abandoning module LevelEditor (267)
[2019.01.09-21.20.01:328][899]LogModuleManager: Shutting down and abandoning module PixelInspectorModule (266)
[2019.01.09-21.20.01:328][899]LogModuleManager: Shutting down and abandoning module CommonMenuExtensions (264)
[2019.01.09-21.20.01:328][899]LogModuleManager: Shutting down and abandoning module MainFrame (262)
[2019.01.09-21.20.01:328][899]LogModuleManager: Shutting down and abandoning module HotReload (261)
[2019.01.09-21.20.01:330][899]LogModuleManager: Shutting down and abandoning module ContentBrowser (257)
[2019.01.09-21.20.01:333][899]LogModuleManager: Shutting down and abandoning module TreeMap (255)
[2019.01.09-21.20.01:333][899]LogModuleManager: Shutting down and abandoning module LightPropagationVolumeRuntime (252)
[2019.01.09-21.20.01:333][899]LogModuleManager: Shutting down and abandoning module AISupportModule (250)
[2019.01.09-21.20.01:333][899]LogModuleManager: Shutting down and abandoning module Paper2D (248)
[2019.01.09-21.20.01:333][899]LogModuleManager: Shutting down and abandoning module WindowsMoviePlayer (246)
[2019.01.09-21.20.01:333][899]LogModuleManager: Shutting down and abandoning module WmfMedia (244)
[2019.01.09-21.20.01:337][899]LogModuleManager: Shutting down and abandoning module Media (243)
[2019.01.09-21.20.01:346][899]LogModuleManager: Shutting down and abandoning module PacketHandler (240)
[2019.01.09-21.20.01:346][899]LogModuleManager: Shutting down and abandoning module ClothingSystemEditor (238)
[2019.01.09-21.20.01:346][899]LogModuleManager: Shutting down and abandoning module ClothingSystemRuntime (236)
[2019.01.09-21.20.01:346][899]LogModuleManager: Shutting down and abandoning module MediaAssets (234)
[2019.01.09-21.20.01:347][899]LogModuleManager: Shutting down and abandoning module Overlay (232)
[2019.01.09-21.20.01:347][899]LogModuleManager: Shutting down and abandoning module OverlayEditor (231)
[2019.01.09-21.20.01:347][899]LogModuleManager: Shutting down and abandoning module VREditor (228)
[2019.01.09-21.20.01:347][899]LogModuleManager: Shutting down and abandoning module StringTableEditor (226)
[2019.01.09-21.20.01:347][899]LogModuleManager: Shutting down and abandoning module GameplayTasksEditor (224)
[2019.01.09-21.20.01:347][899]LogModuleManager: Shutting down and abandoning module BehaviorTreeEditor (222)
[2019.01.09-21.20.01:347][899]LogModuleManager: Shutting down and abandoning module FunctionalTesting (220)
[2019.01.09-21.20.01:347][899]LogModuleManager: Shutting down and abandoning module CollisionAnalyzer (218)
[2019.01.09-21.20.01:347][899]LogModuleManager: Shutting down and abandoning module WorkspaceMenuStructure (217)
[2019.01.09-21.20.01:347][899]LogModuleManager: Shutting down and abandoning module UMG (214)
[2019.01.09-21.20.01:348][899]LogModuleManager: Shutting down and abandoning module UMGEditor (213)
[2019.01.09-21.20.01:348][899]LogModuleManager: Shutting down and abandoning module Sequencer (212)
[2019.01.09-21.20.01:349][899]LogModuleManager: Shutting down and abandoning module MessageLog (209)
[2019.01.09-21.20.01:349][899]LogModuleManager: Shutting down and abandoning module SlateReflector (204)
[2019.01.09-21.20.01:349][899]LogModuleManager: Shutting down and abandoning module Slate (202)
[2019.01.09-21.20.01:349][899]LogModuleManager: Shutting down and abandoning module EditorStyle (200)
[2019.01.09-21.20.01:356][899]LogModuleManager: Shutting down and abandoning module MRMesh (198)
[2019.01.09-21.20.01:357][899]LogModuleManager: Shutting down and abandoning module SourceCodeAccess (196)
[2019.01.09-21.20.01:357][899]LogModuleManager: Shutting down and abandoning module HeadMountedDisplay (194)
[2019.01.09-21.20.01:357][899]LogModuleManager: Shutting down and abandoning module XAudio2 (192)
[2019.01.09-21.20.01:357][899]LogModuleManager: Shutting down and abandoning module Networking (190)
[2019.01.09-21.20.01:357][899]LogModuleManager: Shutting down and abandoning module Core (188)
[2019.01.09-21.20.01:357][899]LogModuleManager: Shutting down and abandoning module LevelSequence (186)
[2019.01.09-21.20.01:357][899]LogModuleManager: Shutting down and abandoning module KismetCompiler (184)
[2019.01.09-21.20.01:357][899]LogModuleManager: Shutting down and abandoning module MeshUtilities (182)
[2019.01.09-21.20.01:357][899]LogModuleManager: Shutting down and abandoning module MeshMergeUtilities (181)
[2019.01.09-21.20.01:357][899]LogModuleManager: Shutting down and abandoning module MeshReductionInterface (180)
[2019.01.09-21.20.01:357][899]LogModuleManager: Shutting down and abandoning module SimplygonSwarm (179)
[2019.01.09-21.20.01:358][899]LogModuleManager: Shutting down and abandoning module ProxyLODMeshReduction (177)
[2019.01.09-21.20.01:359][899]LogModuleManager: Shutting down and abandoning module SimplygonMeshReduction (175)
[2019.01.09-21.20.01:359][899]LogModuleManager: Shutting down and abandoning module QuadricMeshReduction (173)
[2019.01.09-21.20.01:359][899]LogModuleManager: Shutting down and abandoning module MaterialBaking (169)
[2019.01.09-21.20.01:359][899]LogModuleManager: Shutting down and abandoning module DirectoryWatcher (165)
[2019.01.09-21.20.01:359][899]LogModuleManager: Shutting down and abandoning module DerivedDataCache (162)
[2019.01.09-21.20.01:768][899]LogDerivedDataCache: Shutdown
[2019.01.09-21.20.01:768][899]LogModuleManager: Shutting down and abandoning module XGEController (160)
[2019.01.09-21.20.01:768][899]LogModuleManager: Shutting down and abandoning module TargetPlatform (158)
[2019.01.09-21.20.01:769][899]LogModuleManager: Shutting down and abandoning module VulkanShaderFormat (157)
[2019.01.09-21.20.01:769][899]LogModuleManager: Shutting down and abandoning module ShaderFormatVectorVM (155)
[2019.01.09-21.20.01:769][899]LogModuleManager: Shutting down and abandoning module ShaderFormatOpenGL (153)
[2019.01.09-21.20.01:769][899]LogModuleManager: Shutting down and abandoning module ShaderFormatD3D (151)
[2019.01.09-21.20.01:769][899]LogModuleManager: Shutting down and abandoning module MetalShaderFormat (149)
[2019.01.09-21.20.01:769][899]LogModuleManager: Shutting down and abandoning module TextureFormatUncompressed (147)
[2019.01.09-21.20.01:769][899]LogModuleManager: Shutting down and abandoning module TextureFormatPVR (145)
[2019.01.09-21.20.01:769][899]LogModuleManager: Shutting down and abandoning module TextureFormatDXT (143)
[2019.01.09-21.20.01:769][899]LogModuleManager: Shutting down and abandoning module TextureFormatIntelISPCTexComp (141)
[2019.01.09-21.20.01:769][899]LogModuleManager: Shutting down and abandoning module TextureFormatASTC (139)
[2019.01.09-21.20.01:770][899]LogModuleManager: Shutting down and abandoning module ImageWrapper (138)
[2019.01.09-21.20.01:770][899]LogModuleManager: Shutting down and abandoning module TextureFormatAndroid (135)
[2019.01.09-21.20.01:770][899]LogModuleManager: Shutting down and abandoning module AudioFormatOpus (133)
[2019.01.09-21.20.01:770][899]LogModuleManager: Shutting down and abandoning module AudioFormatOgg (131)
[2019.01.09-21.20.01:770][899]LogModuleManager: Shutting down and abandoning module AudioFormatADPCM (129)
[2019.01.09-21.20.01:770][899]LogModuleManager: Shutting down and abandoning module LuminTargetPlatform (127)
[2019.01.09-21.20.01:770][899]LogModuleManager: Shutting down and abandoning module LinuxTargetPlatform (125)
[2019.01.09-21.20.01:770][899]LogModuleManager: Shutting down and abandoning module LinuxServerTargetPlatform (123)
[2019.01.09-21.20.01:770][899]LogModuleManager: Shutting down and abandoning module LinuxNoEditorTargetPlatform (121)
[2019.01.09-21.20.01:770][899]LogModuleManager: Shutting down and abandoning module LinuxClientTargetPlatform (119)
[2019.01.09-21.20.01:770][899]LogModuleManager: Shutting down and abandoning module TVOSTargetPlatform (117)
[2019.01.09-21.20.01:775][899]LogModuleManager: Shutting down and abandoning module Messaging (115)
[2019.01.09-21.20.01:776][899]LogModuleManager: Shutting down and abandoning module IOSTargetPlatform (113)
[2019.01.09-21.20.01:779][899]LogModuleManager: Shutting down and abandoning module HTML5TargetPlatform (111)
[2019.01.09-21.20.01:780][899]LogModuleManager: Shutting down and abandoning module AndroidTargetPlatform (109)
[2019.01.09-21.20.01:801][899]LogModuleManager: Shutting down and abandoning module WindowsTargetPlatform (107)
[2019.01.09-21.20.01:801][899]LogModuleManager: Shutting down and abandoning module WindowsServerTargetPlatform (105)
[2019.01.09-21.20.01:801][899]LogModuleManager: Shutting down and abandoning module WindowsNoEditorTargetPlatform (103)
[2019.01.09-21.20.01:802][899]LogModuleManager: Shutting down and abandoning module WindowsClientTargetPlatform (101)
[2019.01.09-21.20.01:802][899]LogModuleManager: Shutting down and abandoning module MacTargetPlatform (99)
[2019.01.09-21.20.01:802][899]LogModuleManager: Shutting down and abandoning module MacServerTargetPlatform (97)
[2019.01.09-21.20.01:802][899]LogModuleManager: Shutting down and abandoning module MacNoEditorTargetPlatform (95)
[2019.01.09-21.20.01:802][899]LogModuleManager: Shutting down and abandoning module MacClientTargetPlatform (93)
[2019.01.09-21.20.01:802][899]LogModuleManager: Shutting down and abandoning module AllDesktopTargetPlatform (91)
[2019.01.09-21.20.01:802][899]LogModuleManager: Shutting down and abandoning module InputCore (88)
[2019.01.09-21.20.01:802][899]LogModuleManager: Shutting down and abandoning module Settings (86)
[2019.01.09-21.20.01:802][899]LogModuleManager: Shutting down and abandoning module PhysXCooking (84)
[2019.01.09-21.20.01:802][899]LogModuleManager: Shutting down and abandoning module SteamVR (82)
[2019.01.09-21.20.01:802][899]LogModuleManager: Shutting down and abandoning module OculusHMD (80)
[2019.01.09-21.20.01:802][899]LogModuleManager: Shutting down and abandoning module ExampleDeviceProfileSelector (78)
[2019.01.09-21.20.01:802][899]LogModuleManager: Shutting down and abandoning module LauncherChunkInstaller (76)
[2019.01.09-21.20.01:802][899]LogModuleManager: Shutting down and abandoning module OnlineBlueprintSupport (74)
[2019.01.09-21.20.01:802][899]LogModuleManager: Shutting down and abandoning module OnlineSubsystem (70)
[2019.01.09-21.20.01:807][899]LogModuleManager: Shutting down and abandoning module XMPP (65)
[2019.01.09-21.20.01:807][899]LogModuleManager: Shutting down and abandoning module WebSockets (64)
[2019.01.09-21.20.01:831][899]LogModuleManager: Shutting down and abandoning module HTTP (61)
[2019.01.09-21.20.01:831][899]LogHttp: Display: Http module shutting down, but needs to wait on 1 outstanding Http requests:
[2019.01.09-21.20.01:831][899]LogHttp: Display: 	verb=[POST] url=[https://datarouter.ol.epicgames.com/datarouter/api/v1/public/data?SessionID=%7B8B8BC671-44B7-5F41-388F-429BAB73E7DE%7D&AppID=UEEditor.Rocket.Release&AppVersion=4.20.1-4233996%2B%2B%2BUE4%2BRelease-4.20&UserID=f797c2914de910a83498e3a50dae6021%7Cc72e7818748446c98f77da71d5055798%7C8a520eab-1145-447b-8abe-661acbca45c0&AppEnvironment=datacollector-binary&UploadType=eteventstream] status=Processing
[2019.01.09-21.20.01:865][899]LogModuleManager: Shutting down and abandoning module SSL (60)
[2019.01.09-21.20.01:866][899]LogModuleManager: Shutting down and abandoning module MagicLeapEmulator (56)
[2019.01.09-21.20.01:866][899]LogModuleManager: Shutting down and abandoning module MagicLeapPrivileges (54)
[2019.01.09-21.20.01:866][899]LogModuleManager: Shutting down and abandoning module MagicLeapIdentity (52)
[2019.01.09-21.20.01:866][899]LogModuleManager: Shutting down and abandoning module MagicLeapHelperVulkan (50)
[2019.01.09-21.20.01:866][899]LogModuleManager: Shutting down and abandoning module MagicLeapHelperOpenGL (48)
[2019.01.09-21.20.01:866][899]LogModuleManager: Shutting down and abandoning module MagicLeapSecureStorage (46)
[2019.01.09-21.20.01:866][899]LogModuleManager: Shutting down and abandoning module MagicLeapGestures (44)
[2019.01.09-21.20.01:867][899]LogModuleManager: Shutting down and abandoning module MagicLeapEyeTracker (42)
[2019.01.09-21.20.01:867][899]LogModuleManager: Shutting down and abandoning module MagicLeapController (40)
[2019.01.09-21.20.01:867][899]LogSlate: Slate User Destroyed.  User Index 0, Is Virtual User: 0
[2019.01.09-21.20.01:867][899]LogModuleManager: Shutting down and abandoning module MagicLeap (38)
[2019.01.09-21.20.01:867][899]LogModuleManager: Shutting down and abandoning module AnimationModifiers (36)
[2019.01.09-21.20.01:867][899]LogModuleManager: Shutting down and abandoning module PropertyEditor (35)
[2019.01.09-21.20.01:867][899]LogModuleManager: Shutting down and abandoning module AudioEditor (32)
[2019.01.09-21.20.01:867][899]LogModuleManager: Shutting down and abandoning module TextureCompressor (30)
[2019.01.09-21.20.01:867][899]LogModuleManager: Shutting down and abandoning module ShaderCore (28)
[2019.01.09-21.20.01:867][899]LogModuleManager: Shutting down and abandoning module Landscape (26)
[2019.01.09-21.20.01:867][899]LogModuleManager: Shutting down and abandoning module SlateRHIRenderer (24)
[2019.01.09-21.20.01:868][899]LogModuleManager: Shutting down and abandoning module OpenGLDrv (22)
[2019.01.09-21.20.01:868][899]LogModuleManager: Shutting down and abandoning module D3D11RHI (20)
[2019.01.09-21.20.01:868][899]LogModuleManager: Shutting down and abandoning module AnimGraphRuntime (18)
[2019.01.09-21.20.01:868][899]LogModuleManager: Shutting down and abandoning module Renderer (16)
[2019.01.09-21.20.01:868][899]LogModuleManager: Shutting down and abandoning module Engine (14)
[2019.01.09-21.20.01:869][899]LogModuleManager: Shutting down and abandoning module CoreUObject (12)
[2019.01.09-21.20.01:869][899]LogModuleManager: Shutting down and abandoning module NetworkFile (10)
[2019.01.09-21.20.01:869][899]LogModuleManager: Shutting down and abandoning module CookedIterativeFile (8)
[2019.01.09-21.20.01:869][899]LogModuleManager: Shutting down and abandoning module StreamingFile (6)
[2019.01.09-21.20.01:869][899]LogModuleManager: Shutting down and abandoning module SandboxFile (4)
[2019.01.09-21.20.01:869][899]LogModuleManager: Shutting down and abandoning module PakFile (2)
[2019.01.09-21.20.01:890][899]LogExit: Exiting.
[2019.01.09-21.20.01:934][899]Log file closed, 01/09/19 14:20:01
